-------------------------------------------------------------------------------
Test set: mao.spring_boot_load_test_specific_properties_and_configuration.SpringBootLoadTestSpecificPropertiesAndConfigurationApplicationTests
-------------------------------------------------------------------------------
Tests run: 1, Failures: 0, Errors: 0, Skipped: 0, Time elapsed: 0.48 s - in mao.spring_boot_load_test_specific_properties_and_configuration.SpringBootLoadTestSpecificPropertiesAndConfigurationApplicationTests
